[DEBUG] [2026-04-10T11:51:18.702427114Z] [req_queue.go:48] [github.com/esrrhs/gohome/list.(*ReqQueue[...]).Submit] Starting new task for key2
[DEBUG] [2026-04-10T11:51:18.702552133Z] [req_queue.go:48] [github.com/esrrhs/gohome/list.(*ReqQueue[...]).Submit] Starting new task for key1
[DEBUG] [2026-04-10T11:51:18.702558723Z] [req_queue.go:48] [github.com/esrrhs/gohome/list.(*ReqQueue[...]).Submit] Starting new task for key3
[DEBUG] [2026-04-10T11:51:18.702564542Z] [req_queue.go:41] [github.com/esrrhs/gohome/list.(*ReqQueue[...]).Submit] Task key1 is already in progress, waiting...
[DEBUG] [2026-04-10T11:51:18.70260303Z] [req_queue.go:41] [github.com/esrrhs/gohome/list.(*ReqQueue[...]).Submit] Task key2 is already in progress, waiting...
[DEBUG] [2026-04-10T11:51:18.702632264Z] [req_queue.go:41] [github.com/esrrhs/gohome/list.(*ReqQueue[...]).Submit] Task key1 is already in progress, waiting...
[DEBUG] [2026-04-10T11:51:20.70299674Z] [req_queue.go:54] [github.com/esrrhs/gohome/list.(*ReqQueue[...]).Submit] Task key2 completed successfully
[DEBUG] [2026-04-10T11:51:20.703034618Z] [req_queue.go:54] [github.com/esrrhs/gohome/list.(*ReqQueue[...]).Submit] Task key3 completed successfully
[DEBUG] [2026-04-10T11:51:20.703056641Z] [req_queue.go:54] [github.com/esrrhs/gohome/list.(*ReqQueue[...]).Submit] Task key1 completed successfully
[DEBUG] [2026-04-10T11:51:20.703079576Z] [req_queue.go:43] [github.com/esrrhs/gohome/list.(*ReqQueue[...]).Submit] Task key1 completed, returning result
[DEBUG] [2026-04-10T11:51:20.703085294Z] [req_queue.go:43] [github.com/esrrhs/gohome/list.(*ReqQueue[...]).Submit] Task key2 completed, returning result
[DEBUG] [2026-04-10T11:51:20.703105685Z] [req_queue.go:43] [github.com/esrrhs/gohome/list.(*ReqQueue[...]).Submit] Task key1 completed, returning result
[DEBUG] [2026-04-10T11:58:39.065837492Z] [req_queue.go:48] [github.com/esrrhs/gohome/list.(*ReqQueue[...]).Submit] Starting new task for key2
[DEBUG] [2026-04-10T11:58:39.065873296Z] [req_queue.go:41] [github.com/esrrhs/gohome/list.(*ReqQueue[...]).Submit] Task key1 is already in progress, waiting...
[DEBUG] [2026-04-10T11:58:39.065893427Z] [req_queue.go:41] [github.com/esrrhs/gohome/list.(*ReqQueue[...]).Submit] Task key1 is already in progress, waiting...
[DEBUG] [2026-04-10T11:58:39.065841408Z] [req_queue.go:41] [github.com/esrrhs/gohome/list.(*ReqQueue[...]).Submit] Task key2 is already in progress, waiting...
[DEBUG] [2026-04-10T11:58:39.065854538Z] [req_queue.go:48] [github.com/esrrhs/gohome/list.(*ReqQueue[...]).Submit] Starting new task for key1
[DEBUG] [2026-04-10T11:58:39.065864343Z] [req_queue.go:48] [github.com/esrrhs/gohome/list.(*ReqQueue[...]).Submit] Starting new task for key3
[DEBUG] [2026-04-10T11:58:41.06632128Z] [req_queue.go:54] [github.com/esrrhs/gohome/list.(*ReqQueue[...]).Submit] Task key3 completed successfully
[DEBUG] [2026-04-10T11:58:41.066372247Z] [req_queue.go:54] [github.com/esrrhs/gohome/list.(*ReqQueue[...]).Submit] Task key2 completed successfully
[DEBUG] [2026-04-10T11:58:41.06640035Z] [req_queue.go:54] [github.com/esrrhs/gohome/list.(*ReqQueue[...]).Submit] Task key1 completed successfully
[DEBUG] [2026-04-10T11:58:41.066425177Z] [req_queue.go:43] [github.com/esrrhs/gohome/list.(*ReqQueue[...]).Submit] Task key2 completed, returning result
[DEBUG] [2026-04-10T11:58:41.066429304Z] [req_queue.go:43] [github.com/esrrhs/gohome/list.(*ReqQueue[...]).Submit] Task key1 completed, returning result
[DEBUG] [2026-04-10T11:58:41.066428452Z] [req_queue.go:43] [github.com/esrrhs/gohome/list.(*ReqQueue[...]).Submit] Task key1 completed, returning result
[DEBUG] [2026-04-10T11:58:41.066754004Z] [req_queue.go:48] [github.com/esrrhs/gohome/list.(*ReqQueue[...]).Submit] Starting new task for k1
[DEBUG] [2026-04-10T11:58:41.066793684Z] [req_queue.go:54] [github.com/esrrhs/gohome/list.(*ReqQueue[...]).Submit] Task k1 completed successfully
[DEBUG] [2026-04-10T11:58:41.06681734Z] [req_queue.go:48] [github.com/esrrhs/gohome/list.(*ReqQueue[...]).Submit] Starting new task for k2
[DEBUG] [2026-04-10T11:58:41.066845703Z] [req_queue.go:54] [github.com/esrrhs/gohome/list.(*ReqQueue[...]).Submit] Task k2 completed successfully
[DEBUG] [2026-04-10T11:58:41.066985454Z] [req_queue.go:48] [github.com/esrrhs/gohome/list.(*ReqQueue[...]).Submit] Starting new task for 1
[DEBUG] [2026-04-10T11:58:41.067021088Z] [req_queue.go:54] [github.com/esrrhs/gohome/list.(*ReqQueue[...]).Submit] Task 1 completed successfully
[DEBUG] [2026-04-10T11:58:41.067045715Z] [req_queue.go:48] [github.com/esrrhs/gohome/list.(*ReqQueue[...]).Submit] Starting new task for 2
[DEBUG] [2026-04-10T11:58:41.067067528Z] [req_queue.go:54] [github.com/esrrhs/gohome/list.(*ReqQueue[...]).Submit] Task 2 completed successfully
[DEBUG] [2026-04-10T11:58:41.067087759Z] [req_queue.go:48] [github.com/esrrhs/gohome/list.(*ReqQueue[...]).Submit] Starting new task for 3
[DEBUG] [2026-04-10T11:58:41.067132016Z] [req_queue.go:54] [github.com/esrrhs/gohome/list.(*ReqQueue[...]).Submit] Task 3 completed successfully
[DEBUG] [2026-04-10T11:58:41.067152937Z] [req_queue.go:48] [github.com/esrrhs/gohome/list.(*ReqQueue[...]).Submit] Starting new task for 4
[DEBUG] [2026-04-10T11:58:41.067176173Z] [req_queue.go:54] [github.com/esrrhs/gohome/list.(*ReqQueue[...]).Submit] Task 4 completed successfully
[DEBUG] [2026-04-10T11:58:41.067195492Z] [req_queue.go:48] [github.com/esrrhs/gohome/list.(*ReqQueue[...]).Submit] Starting new task for 5
[DEBUG] [2026-04-10T11:58:41.067215252Z] [req_queue.go:54] [github.com/esrrhs/gohome/list.(*ReqQueue[...]).Submit] Task 5 completed successfully
[DEBUG] [2026-04-10T11:58:41.067296665Z] [req_queue.go:48] [github.com/esrrhs/gohome/list.(*ReqQueue[...]).Submit] Starting new task for x
[DEBUG] [2026-04-10T11:58:41.067337146Z] [req_queue.go:54] [github.com/esrrhs/gohome/list.(*ReqQueue[...]).Submit] Task x completed successfully
[DEBUG] [2026-04-10T12:04:00.209378265Z] [req_queue.go:48] [github.com/esrrhs/gohome/list.(*ReqQueue[...]).Submit] Starting new task for k1
[DEBUG] [2026-04-10T12:04:00.209476073Z] [req_queue.go:54] [github.com/esrrhs/gohome/list.(*ReqQueue[...]).Submit] Task k1 completed successfully
[DEBUG] [2026-04-10T12:04:00.209506469Z] [req_queue.go:48] [github.com/esrrhs/gohome/list.(*ReqQueue[...]).Submit] Starting new task for k2
[DEBUG] [2026-04-10T12:04:00.209538066Z] [req_queue.go:54] [github.com/esrrhs/gohome/list.(*ReqQueue[...]).Submit] Task k2 completed successfully
[DEBUG] [2026-04-10T12:04:00.209618137Z] [req_queue.go:48] [github.com/esrrhs/gohome/list.(*ReqQueue[...]).Submit] Starting new task for 1
[DEBUG] [2026-04-10T12:04:00.209642855Z] [req_queue.go:54] [github.com/esrrhs/gohome/list.(*ReqQueue[...]).Submit] Task 1 completed successfully
[DEBUG] [2026-04-10T12:04:00.209675003Z] [req_queue.go:48] [github.com/esrrhs/gohome/list.(*ReqQueue[...]).Submit] Starting new task for 2
[DEBUG] [2026-04-10T12:04:00.209690737Z] [req_queue.go:54] [github.com/esrrhs/gohome/list.(*ReqQueue[...]).Submit] Task 2 completed successfully
[DEBUG] [2026-04-10T12:04:00.209713982Z] [req_queue.go:48] [github.com/esrrhs/gohome/list.(*ReqQueue[...]).Submit] Starting new task for 3
[DEBUG] [2026-04-10T12:04:00.209733812Z] [req_queue.go:54] [github.com/esrrhs/gohome/list.(*ReqQueue[...]).Submit] Task 3 completed successfully
[DEBUG] [2026-04-10T12:04:00.209749566Z] [req_queue.go:48] [github.com/esrrhs/gohome/list.(*ReqQueue[...]).Submit] Starting new task for 4
[DEBUG] [2026-04-10T12:04:00.209764368Z] [req_queue.go:54] [github.com/esrrhs/gohome/list.(*ReqQueue[...]).Submit] Task 4 completed successfully
[DEBUG] [2026-04-10T12:04:00.209779611Z] [req_queue.go:48] [github.com/esrrhs/gohome/list.(*ReqQueue[...]).Submit] Starting new task for 5
[DEBUG] [2026-04-10T12:04:00.209802256Z] [req_queue.go:54] [github.com/esrrhs/gohome/list.(*ReqQueue[...]).Submit] Task 5 completed successfully
[DEBUG] [2026-04-10T12:04:00.209860844Z] [req_queue.go:48] [github.com/esrrhs/gohome/list.(*ReqQueue[...]).Submit] Starting new task for x
[DEBUG] [2026-04-10T12:04:00.20988471Z] [req_queue.go:54] [github.com/esrrhs/gohome/list.(*ReqQueue[...]).Submit] Task x completed successfully
